-------------------------------------------------------------------------------
Test set: com.tecprog.ParserTest
-------------------------------------------------------------------------------
Tests run: 1, Failures: 1, Errors: 0, Skipped: 0, Time elapsed: 0.026 s <<< FAILURE! - in com.tecprog.ParserTest
setFile  Time elapsed: 0.019 s  <<< FAILURE!
org.opentest4j.AssertionFailedError: not yet implemented
	at com.tecprog.ParserTest.setFile(ParserTest.java:15)

